<?xml version="1.0" encoding="UTF-8"?>
<coverage generated="1748624595562" clover="3.2.0">
  <project timestamp="1748624595563" name="All files">
    <metrics statements="361" coveredstatements="336" conditionals="206" coveredconditionals="164" methods="38" coveredmethods="33" elements="605" coveredelements="533" complexity="0" loc="361" ncloc="361" packages="2" files="8" classes="8"/>
    <package name="config">
      <metrics statements="3" coveredstatements="3" conditionals="0" coveredconditionals="0" methods="0" coveredmethods="0"/>
      <file name="dbConfig.js" path="C:\Users\antoi\Desktop\GitHub\Dev-Web-2024\backend\config\dbConfig.js">
        <metrics statements="3" coveredstatements="3" conditionals="0" coveredconditionals="0" methods="0" coveredmethods="0"/>
        <line num="1" count="1" type="stmt"/>
        <line num="3" count="1" type="stmt"/>
        <line num="13" count="1" type="stmt"/>
      </file>
    </package>
    <package name="routes">
      <metrics statements="358" coveredstatements="333" conditionals="206" coveredconditionals="164" methods="38" coveredmethods="33"/>
      <file name="edit-compte.js" path="C:\Users\antoi\Desktop\GitHub\Dev-Web-2024\backend\routes\edit-compte.js">
        <metrics statements="21" coveredstatements="21" conditionals="2" coveredconditionals="2" methods="1" coveredmethods="1"/>
        <line num="1" count="1" type="stmt"/>
        <line num="2" count="1" type="stmt"/>
        <line num="3" count="1" type="stmt"/>
        <line num="4" count="1" type="stmt"/>
        <line num="9" count="1" type="stmt"/>
        <line num="10" count="3" type="stmt"/>
        <line num="12" count="3" type="stmt"/>
        <line num="13" count="3" type="stmt"/>
        <line num="14" count="3" type="stmt"/>
        <line num="16" count="3" type="cond" truecount="2" falsecount="0"/>
        <line num="17" count="1" type="stmt"/>
        <line num="18" count="1" type="stmt"/>
        <line num="19" count="1" type="stmt"/>
        <line num="20" count="1" type="stmt"/>
        <line num="23" count="3" type="stmt"/>
        <line num="24" count="3" type="stmt"/>
        <line num="26" count="3" type="stmt"/>
        <line num="27" count="2" type="stmt"/>
        <line num="29" count="1" type="stmt"/>
        <line num="30" count="1" type="stmt"/>
        <line num="34" count="1" type="stmt"/>
      </file>
      <file name="new_game.js" path="C:\Users\antoi\Desktop\GitHub\Dev-Web-2024\backend\routes\new_game.js">
        <metrics statements="77" coveredstatements="73" conditionals="62" coveredconditionals="57" methods="10" coveredmethods="10"/>
        <line num="1" count="4" type="stmt"/>
        <line num="2" count="4" type="stmt"/>
        <line num="3" count="4" type="stmt"/>
        <line num="8" count="37" type="cond" truecount="2" falsecount="0"/>
        <line num="11" count="37" type="stmt"/>
        <line num="12" count="37" type="stmt"/>
        <line num="14" count="37" type="cond" truecount="4" falsecount="0"/>
        <line num="15" count="7" type="cond" truecount="2" falsecount="0"/>
        <line num="18" count="30" type="cond" truecount="6" falsecount="0"/>
        <line num="19" count="4" type="stmt"/>
        <line num="20" count="4" type="stmt"/>
        <line num="21" count="26" type="cond" truecount="4" falsecount="0"/>
        <line num="22" count="10" type="stmt"/>
        <line num="23" count="10" type="stmt"/>
        <line num="26" count="30" type="cond" truecount="4" falsecount="0"/>
        <line num="27" count="10" type="stmt"/>
        <line num="28" count="10" type="stmt"/>
        <line num="30" count="90" type="stmt"/>
        <line num="31" count="30" type="cond" truecount="2" falsecount="0"/>
        <line num="32" count="10" type="cond" truecount="2" falsecount="0"/>
        <line num="33" count="4" type="stmt"/>
        <line num="34" count="6" type="cond" truecount="2" falsecount="0"/>
        <line num="35" count="2" type="stmt"/>
        <line num="38" count="30" type="stmt"/>
        <line num="41" count="30" type="cond" truecount="4" falsecount="0"/>
        <line num="42" count="2" type="stmt"/>
        <line num="45" count="30" type="cond" truecount="2" falsecount="0"/>
        <line num="46" count="2" type="stmt"/>
        <line num="47" count="2" type="stmt"/>
        <line num="49" count="28" type="stmt"/>
        <line num="55" count="7" type="cond" truecount="2" falsecount="0"/>
        <line num="59" count="1" type="stmt"/>
        <line num="63" count="6" type="cond" truecount="2" falsecount="0"/>
        <line num="66" count="6" type="cond" truecount="2" falsecount="0"/>
        <line num="67" count="5" type="stmt"/>
        <line num="69" count="5" type="stmt"/>
        <line num="75" count="3" type="stmt"/>
        <line num="79" count="2" type="stmt"/>
        <line num="83" count="1" type="stmt"/>
        <line num="86" count="1" type="stmt"/>
        <line num="87" count="1" type="cond" truecount="1" falsecount="1"/>
        <line num="88" count="0" type="stmt"/>
        <line num="89" count="0" type="stmt"/>
        <line num="90" count="0" type="cond" truecount="0" falsecount="2"/>
        <line num="91" count="0" type="stmt"/>
        <line num="94" count="1" type="stmt"/>
        <line num="98" count="1" type="stmt"/>
        <line num="102" count="1" type="stmt"/>
        <line num="112" count="1" type="stmt"/>
        <line num="116" count="1" type="stmt"/>
        <line num="126" count="1" type="stmt"/>
        <line num="127" count="1" type="stmt"/>
        <line num="128" count="1" type="cond" truecount="1" falsecount="1"/>
        <line num="132" count="1" type="stmt"/>
        <line num="133" count="1" type="stmt"/>
        <line num="138" count="4" type="stmt"/>
        <line num="148" count="7" type="stmt"/>
        <line num="150" count="7" type="stmt"/>
        <line num="152" count="7" type="cond" truecount="2" falsecount="0"/>
        <line num="161" count="4" type="stmt"/>
        <line num="164" count="3" type="stmt"/>
        <line num="165" count="3" type="stmt"/>
        <line num="167" count="3" type="cond" truecount="2" falsecount="0"/>
        <line num="168" count="1" type="stmt"/>
        <line num="173" count="1" type="stmt"/>
        <line num="174" count="1" type="stmt"/>
        <line num="176" count="1" type="stmt"/>
        <line num="177" count="1" type="stmt"/>
        <line num="179" count="1" type="stmt"/>
        <line num="180" count="1" type="stmt"/>
        <line num="181" count="1" type="stmt"/>
        <line num="183" count="1" type="stmt"/>
        <line num="185" count="1" type="stmt"/>
        <line num="186" count="1" type="stmt"/>
        <line num="190" count="4" type="stmt"/>
        <line num="191" count="4" type="stmt"/>
        <line num="192" count="4" type="stmt"/>
      </file>
      <file name="register.js" path="C:\Users\antoi\Desktop\GitHub\Dev-Web-2024\backend\routes\register.js">
        <metrics statements="20" coveredstatements="19" conditionals="6" coveredconditionals="4" methods="1" coveredmethods="1"/>
        <line num="1" count="1" type="stmt"/>
        <line num="2" count="1" type="stmt"/>
        <line num="3" count="1" type="stmt"/>
        <line num="4" count="1" type="stmt"/>
        <line num="7" count="1" type="stmt"/>
        <line num="8" count="3" type="stmt"/>
        <line num="10" count="3" type="stmt"/>
        <line num="12" count="3" type="stmt"/>
        <line num="14" count="2" type="cond" truecount="2" falsecount="0"/>
        <line num="15" count="1" type="stmt"/>
        <line num="19" count="1" type="stmt"/>
        <line num="20" count="1" type="stmt"/>
        <line num="23" count="1" type="cond" truecount="1" falsecount="1"/>
        <line num="26" count="1" type="stmt"/>
        <line num="32" count="1" type="cond" truecount="1" falsecount="1"/>
        <line num="33" count="0" type="stmt"/>
        <line num="39" count="1" type="stmt"/>
        <line num="45" count="1" type="stmt"/>
        <line num="46" count="1" type="stmt"/>
        <line num="50" count="1" type="stmt"/>
      </file>
      <file name="roulette-net-prepareBettingBoard.js" path="C:\Users\antoi\Desktop\GitHub\Dev-Web-2024\backend\routes\roulette-net-prepareBettingBoard.js">
        <metrics statements="49" coveredstatements="49" conditionals="6" coveredconditionals="6" methods="9" coveredmethods="9"/>
        <line num="1" count="1" type="stmt"/>
        <line num="2" count="1" type="stmt"/>
        <line num="6" count="1" type="stmt"/>
        <line num="13" count="5" type="stmt"/>
        <line num="17" count="5" type="stmt"/>
        <line num="18" count="90" type="stmt"/>
        <line num="19" count="90" type="stmt"/>
        <line num="24" count="5" type="stmt"/>
        <line num="25" count="5" type="stmt"/>
        <line num="26" count="60" type="stmt"/>
        <line num="27" count="60" type="stmt"/>
        <line num="28" count="180" type="stmt"/>
        <line num="29" count="180" type="stmt"/>
        <line num="36" count="60" type="stmt"/>
        <line num="41" count="5" type="stmt"/>
        <line num="45" count="5" type="stmt"/>
        <line num="53" count="5" type="stmt"/>
        <line num="54" count="60" type="stmt"/>
        <line num="55" count="60" type="stmt"/>
        <line num="56" count="60" type="stmt"/>
        <line num="61" count="5" type="stmt"/>
        <line num="62" count="5" type="stmt"/>
        <line num="65" count="180" type="cond" truecount="2" falsecount="0"/>
        <line num="71" count="5" type="stmt"/>
        <line num="72" count="5" type="stmt"/>
        <line num="73" count="60" type="stmt"/>
        <line num="74" count="180" type="stmt"/>
        <line num="76" count="180" type="cond" truecount="2" falsecount="0"/>
        <line num="77" count="120" type="stmt"/>
        <line num="85" count="180" type="cond" truecount="2" falsecount="0"/>
        <line num="86" count="165" type="stmt"/>
        <line num="98" count="5" type="stmt"/>
        <line num="99" count="5" type="stmt"/>
        <line num="100" count="55" type="stmt"/>
        <line num="101" count="110" type="stmt"/>
        <line num="102" count="110" type="stmt"/>
        <line num="113" count="5" type="stmt"/>
        <line num="114" count="5" type="stmt"/>
        <line num="115" count="60" type="stmt"/>
        <line num="116" count="60" type="stmt"/>
        <line num="126" count="5" type="stmt"/>
        <line num="127" count="5" type="stmt"/>
        <line num="128" count="55" type="stmt"/>
        <line num="129" count="55" type="stmt"/>
        <line num="137" count="5" type="stmt"/>
        <line num="144" count="1" type="stmt"/>
        <line num="145" count="5" type="stmt"/>
        <line num="146" count="5" type="stmt"/>
        <line num="149" count="1" type="stmt"/>
      </file>
      <file name="roulette-net.js" path="C:\Users\antoi\Desktop\GitHub\Dev-Web-2024\backend\routes\roulette-net.js">
        <metrics statements="124" coveredstatements="124" conditionals="114" coveredconditionals="79" methods="10" coveredmethods="9"/>
        <line num="1" count="1" type="stmt"/>
        <line num="2" count="1" type="stmt"/>
        <line num="3" count="1" type="stmt"/>
        <line num="7" count="1" type="stmt"/>
        <line num="15" count="63" type="cond" truecount="2" falsecount="0"/>
        <line num="16" count="62" type="cond" truecount="2" falsecount="0"/>
        <line num="30" count="31" type="stmt"/>
        <line num="31" count="31" type="stmt"/>
        <line num="32" count="31" type="stmt"/>
        <line num="33" count="31" type="stmt"/>
        <line num="34" count="31" type="stmt"/>
        <line num="35" count="31" type="cond" truecount="2" falsecount="0"/>
        <line num="39" count="31" type="stmt"/>
        <line num="40" count="31" type="stmt"/>
        <line num="41" count="31" type="stmt"/>
        <line num="45" count="31" type="stmt"/>
        <line num="46" count="27" type="stmt"/>
        <line num="47" count="26" type="stmt"/>
        <line num="51" count="26" type="cond" truecount="2" falsecount="0"/>
        <line num="52" count="19" type="stmt"/>
        <line num="56" count="7" type="cond" truecount="1" falsecount="1"/>
        <line num="57" count="7" type="cond" truecount="3" falsecount="1"/>
        <line num="58" count="7" type="cond" truecount="3" falsecount="1"/>
        <line num="59" count="7" type="cond" truecount="2" falsecount="2"/>
        <line num="60" count="7" type="cond" truecount="2" falsecount="3"/>
        <line num="61" count="7" type="cond" truecount="2" falsecount="3"/>
        <line num="62" count="7" type="cond" truecount="2" falsecount="3"/>
        <line num="63" count="7" type="cond" truecount="2" falsecount="3"/>
        <line num="64" count="7" type="cond" truecount="2" falsecount="3"/>
        <line num="65" count="7" type="cond" truecount="2" falsecount="3"/>
        <line num="68" count="7" type="cond" truecount="4" falsecount="0"/>
        <line num="74" count="2" type="cond" truecount="2" falsecount="2"/>
        <line num="77" count="2" type="cond" truecount="3" falsecount="1"/>
        <line num="80" count="2" type="cond" truecount="3" falsecount="1"/>
        <line num="88" count="26" type="cond" truecount="2" falsecount="0"/>
        <line num="93" count="19" type="stmt"/>
        <line num="94" count="19" type="stmt"/>
        <line num="95" count="19" type="stmt"/>
        <line num="98" count="7" type="stmt"/>
        <line num="101" count="26" type="stmt"/>
        <line num="106" count="30" type="stmt"/>
        <line num="107" count="30" type="stmt"/>
        <line num="108" count="30" type="stmt"/>
        <line num="121" count="30" type="cond" truecount="2" falsecount="0"/>
        <line num="122" count="7" type="stmt"/>
        <line num="126" count="30" type="stmt"/>
        <line num="138" count="1" type="stmt"/>
        <line num="139" count="32" type="stmt"/>
        <line num="140" count="32" type="stmt"/>
        <line num="142" count="32" type="stmt"/>
        <line num="149" count="1" type="stmt"/>
        <line num="150" count="36" type="stmt"/>
        <line num="151" count="36" type="stmt"/>
        <line num="159" count="36" type="stmt"/>
        <line num="160" count="36" type="cond" truecount="2" falsecount="0"/>
        <line num="161" count="35" type="stmt"/>
        <line num="162" count="35" type="stmt"/>
        <line num="163" count="34" type="cond" truecount="2" falsecount="0"/>
        <line num="164" count="33" type="stmt"/>
        <line num="172" count="1" type="stmt"/>
        <line num="179" count="1" type="stmt"/>
        <line num="185" count="1" type="stmt"/>
        <line num="192" count="33" type="cond" truecount="5" falsecount="0"/>
        <line num="194" count="2" type="stmt"/>
        <line num="199" count="31" type="stmt"/>
        <line num="203" count="31" type="stmt"/>
        <line num="209" count="30" type="stmt"/>
        <line num="213" count="30" type="stmt"/>
        <line num="214" count="29" type="stmt"/>
        <line num="216" count="29" type="stmt"/>
        <line num="219" count="28" type="stmt"/>
        <line num="229" count="27" type="stmt"/>
        <line num="234" count="27" type="stmt"/>
        <line num="235" count="27" type="cond" truecount="1" falsecount="1"/>
        <line num="236" count="27" type="stmt"/>
        <line num="238" count="27" type="cond" truecount="2" falsecount="0"/>
        <line num="246" count="2" type="stmt"/>
        <line num="248" count="2" type="stmt"/>
        <line num="250" count="29" type="stmt"/>
        <line num="254" count="27" type="stmt"/>
        <line num="255" count="27" type="cond" truecount="1" falsecount="1"/>
        <line num="256" count="27" type="stmt"/>
        <line num="259" count="27" type="cond" truecount="2" falsecount="0"/>
        <line num="270" count="3" type="stmt"/>
        <line num="275" count="27" type="stmt"/>
        <line num="278" count="27" type="stmt"/>
        <line num="282" count="17" type="stmt"/>
        <line num="287" count="27" type="stmt"/>
        <line num="292" count="1" type="stmt"/>
        <line num="302" count="1" type="stmt"/>
        <line num="303" count="13" type="stmt"/>
        <line num="308" count="13" type="cond" truecount="4" falsecount="0"/>
        <line num="309" count="3" type="stmt"/>
        <line num="312" count="10" type="stmt"/>
        <line num="314" count="10" type="stmt"/>
        <line num="315" count="9" type="cond" truecount="2" falsecount="0"/>
        <line num="319" count="9" type="stmt"/>
        <line num="320" count="8" type="stmt"/>
        <line num="321" count="8" type="stmt"/>
        <line num="325" count="7" type="stmt"/>
        <line num="334" count="6" type="stmt"/>
        <line num="338" count="6" type="stmt"/>
        <line num="339" count="6" type="cond" truecount="1" falsecount="1"/>
        <line num="343" count="6" type="stmt"/>
        <line num="346" count="6" type="stmt"/>
        <line num="347" count="6" type="cond" truecount="1" falsecount="1"/>
        <line num="351" count="8" type="stmt"/>
        <line num="355" count="6" type="stmt"/>
        <line num="356" count="6" type="cond" truecount="1" falsecount="1"/>
        <line num="359" count="6" type="stmt"/>
        <line num="369" count="4" type="stmt"/>
        <line num="381" count="27" type="stmt"/>
        <line num="383" count="27" type="stmt"/>
        <line num="388" count="27" type="stmt"/>
        <line num="395" count="12" type="cond" truecount="2" falsecount="0"/>
        <line num="397" count="4" type="stmt"/>
        <line num="398" count="4" type="stmt"/>
        <line num="399" count="4" type="cond" truecount="2" falsecount="0"/>
        <line num="404" count="4" type="stmt"/>
        <line num="416" count="8" type="stmt"/>
        <line num="427" count="10" type="stmt"/>
        <line num="435" count="17" type="stmt"/>
        <line num="436" count="17" type="stmt"/>
        <line num="441" count="1" type="stmt"/>
      </file>
      <file name="stats.js" path="C:\Users\antoi\Desktop\GitHub\Dev-Web-2024\backend\routes\stats.js">
        <metrics statements="49" coveredstatements="29" conditionals="8" coveredconditionals="8" methods="6" coveredmethods="2"/>
        <line num="1" count="3" type="stmt"/>
        <line num="2" count="3" type="stmt"/>
        <line num="3" count="3" type="stmt"/>
        <line num="4" count="3" type="stmt"/>
        <line num="6" count="3" type="stmt"/>
        <line num="7" count="0" type="stmt"/>
        <line num="8" count="0" type="stmt"/>
        <line num="9" count="0" type="stmt"/>
        <line num="11" count="0" type="stmt"/>
        <line num="15" count="3" type="stmt"/>
        <line num="16" count="0" type="stmt"/>
        <line num="17" count="0" type="stmt"/>
        <line num="18" count="0" type="stmt"/>
        <line num="21" count="0" type="stmt"/>
        <line num="23" count="0" type="stmt"/>
        <line num="31" count="3" type="stmt"/>
        <line num="32" count="2" type="stmt"/>
        <line num="33" count="2" type="stmt"/>
        <line num="34" count="2" type="stmt"/>
        <line num="44" count="2" type="stmt"/>
        <line num="45" count="1" type="stmt"/>
        <line num="47" count="1" type="stmt"/>
        <line num="68" count="3" type="stmt"/>
        <line num="69" count="0" type="stmt"/>
        <line num="71" count="0" type="stmt"/>
        <line num="72" count="0" type="stmt"/>
        <line num="77" count="0" type="stmt"/>
        <line num="80" count="0" type="stmt"/>
        <line num="81" count="0" type="stmt"/>
        <line num="82" count="0" type="stmt"/>
        <line num="83" count="0" type="stmt"/>
        <line num="86" count="0" type="stmt"/>
        <line num="88" count="0" type="stmt"/>
        <line num="89" count="0" type="stmt"/>
        <line num="95" count="3" type="stmt"/>
        <line num="96" count="10" type="stmt"/>
        <line num="101" count="10" type="stmt"/>
        <line num="103" count="10" type="stmt"/>
        <line num="108" count="10" type="stmt"/>
        <line num="115" count="9" type="cond" truecount="2" falsecount="0"/>
        <line num="117" count="3" type="stmt"/>
        <line num="118" count="3" type="stmt"/>
        <line num="119" count="3" type="cond" truecount="2" falsecount="0"/>
        <line num="124" count="3" type="stmt"/>
        <line num="136" count="6" type="stmt"/>
        <line num="147" count="7" type="stmt"/>
        <line num="156" count="3" type="stmt"/>
        <line num="157" count="3" type="stmt"/>
        <line num="163" count="3" type="stmt"/>
      </file>
      <file name="update_solde.js" path="C:\Users\antoi\Desktop\GitHub\Dev-Web-2024\backend\routes\update_solde.js">
        <metrics statements="18" coveredstatements="18" conditionals="8" coveredconditionals="8" methods="1" coveredmethods="1"/>
        <line num="1" count="1" type="stmt"/>
        <line num="2" count="1" type="stmt"/>
        <line num="3" count="1" type="stmt"/>
        <line num="4" count="1" type="stmt"/>
        <line num="10" count="1" type="stmt"/>
        <line num="11" count="22" type="stmt"/>
        <line num="12" count="22" type="stmt"/>
        <line num="13" count="22" type="stmt"/>
        <line num="22" count="22" type="cond" truecount="2" falsecount="0"/>
        <line num="25" count="1" type="stmt"/>
        <line num="30" count="21" type="cond" truecount="4" falsecount="0"/>
        <line num="33" count="3" type="stmt"/>
        <line num="38" count="18" type="stmt"/>
        <line num="43" count="12" type="cond" truecount="2" falsecount="0"/>
        <line num="49" count="12" type="stmt"/>
        <line num="59" count="11" type="stmt"/>
        <line num="66" count="7" type="stmt"/>
        <line num="70" count="1" type="stmt"/>
      </file>
    </package>
  </project>
</coverage>
