{"C:\\Users\\antoi\\Desktop\\GitHub\\Dev-Web-2024\\backend\\routes\\roulette-net-prepareBettingBoard.js": {"path":"C:\\Users\\antoi\\Desktop\\GitHub\\Dev-Web-2024\\backend\\routes\\roulette-net-prepareBettingBoard.js","statementMap":{"0":{"start":{"line":1,"column":16},"end":{"line":1,"column":34}},"1":{"start":{"line":2,"column":15},"end":{"line":2,"column":31}},"2":{"start":{"line":6,"column":20},"end":{"line":6,"column":87}},"3":{"start":{"line":13,"column":19},"end":{"line":13,"column":21}},"4":{"start":{"line":17,"column":4},"end":{"line":20,"column":6}},"5":{"start":{"line":18,"column":71},"end":{"line":18,"column":76}},"6":{"start":{"line":19,"column":72},"end":{"line":19,"column":78}},"7":{"start":{"line":24,"column":4},"end":{"line":24,"column":32}},"8":{"start":{"line":25,"column":4},"end":{"line":37,"column":5}},"9":{"start":{"line":25,"column":19},"end":{"line":25,"column":20}},"10":{"start":{"line":26,"column":21},"end":{"line":26,"column":23}},"11":{"start":{"line":27,"column":8},"end":{"line":35,"column":9}},"12":{"start":{"line":27,"column":23},"end":{"line":27,"column":24}},"13":{"start":{"line":28,"column":24},"end":{"line":28,"column":41}},"14":{"start":{"line":29,"column":12},"end":{"line":34,"column":15}},"15":{"start":{"line":36,"column":8},"end":{"line":36,"column":42}},"16":{"start":{"line":41,"column":4},"end":{"line":41,"column":75}},"17":{"start":{"line":45,"column":4},"end":{"line":49,"column":6}},"18":{"start":{"line":53,"column":4},"end":{"line":57,"column":6}},"19":{"start":{"line":54,"column":71},"end":{"line":54,"column":76}},"20":{"start":{"line":55,"column":72},"end":{"line":55,"column":78}},"21":{"start":{"line":56,"column":72},"end":{"line":56,"column":78}},"22":{"start":{"line":61,"column":23},"end":{"line":61,"column":52}},"23":{"start":{"line":62,"column":4},"end":{"line":67,"column":6}},"24":{"start":{"line":65,"column":59},"end":{"line":65,"column":118}},"25":{"start":{"line":65,"column":130},"end":{"line":65,"column":143}},"26":{"start":{"line":71,"column":4},"end":{"line":71,"column":26}},"27":{"start":{"line":72,"column":4},"end":{"line":94,"column":5}},"28":{"start":{"line":72,"column":19},"end":{"line":72,"column":20}},"29":{"start":{"line":73,"column":8},"end":{"line":93,"column":9}},"30":{"start":{"line":73,"column":23},"end":{"line":73,"column":24}},"31":{"start":{"line":74,"column":22},"end":{"line":74,"column":35}},"32":{"start":{"line":76,"column":12},"end":{"line":83,"column":13}},"33":{"start":{"line":77,"column":16},"end":{"line":82,"column":19}},"34":{"start":{"line":85,"column":12},"end":{"line":92,"column":13}},"35":{"start":{"line":86,"column":16},"end":{"line":91,"column":19}},"36":{"start":{"line":98,"column":4},"end":{"line":98,"column":27}},"37":{"start":{"line":99,"column":4},"end":{"line":109,"column":5}},"38":{"start":{"line":99,"column":19},"end":{"line":99,"column":20}},"39":{"start":{"line":100,"column":8},"end":{"line":108,"column":9}},"40":{"start":{"line":100,"column":23},"end":{"line":100,"column":24}},"41":{"start":{"line":101,"column":22},"end":{"line":101,"column":35}},"42":{"start":{"line":102,"column":12},"end":{"line":107,"column":15}},"43":{"start":{"line":113,"column":4},"end":{"line":113,"column":27}},"44":{"start":{"line":114,"column":4},"end":{"line":122,"column":5}},"45":{"start":{"line":114,"column":19},"end":{"line":114,"column":20}},"46":{"start":{"line":115,"column":18},"end":{"line":115,"column":29}},"47":{"start":{"line":116,"column":8},"end":{"line":121,"column":11}},"48":{"start":{"line":126,"column":4},"end":{"line":126,"column":33}},"49":{"start":{"line":127,"column":4},"end":{"line":135,"column":5}},"50":{"start":{"line":127,"column":19},"end":{"line":127,"column":20}},"51":{"start":{"line":128,"column":18},"end":{"line":128,"column":29}},"52":{"start":{"line":129,"column":8},"end":{"line":134,"column":11}},"53":{"start":{"line":137,"column":4},"end":{"line":137,"column":18}},"54":{"start":{"line":144,"column":0},"end":{"line":147,"column":3}},"55":{"start":{"line":145,"column":25},"end":{"line":145,"column":46}},"56":{"start":{"line":146,"column":4},"end":{"line":146,"column":27}},"57":{"start":{"line":149,"column":0},"end":{"line":152,"column":2}}},"fnMap":{"0":{"name":"prepareBettingBoard","decl":{"start":{"line":12,"column":9},"end":{"line":12,"column":28}},"loc":{"start":{"line":12,"column":31},"end":{"line":138,"column":1}},"line":12},"1":{"name":"(anonymous_1)","decl":{"start":{"line":18,"column":61},"end":{"line":18,"column":62}},"loc":{"start":{"line":18,"column":71},"end":{"line":18,"column":76}},"line":18},"2":{"name":"(anonymous_2)","decl":{"start":{"line":19,"column":62},"end":{"line":19,"column":63}},"loc":{"start":{"line":19,"column":72},"end":{"line":19,"column":78}},"line":19},"3":{"name":"(anonymous_3)","decl":{"start":{"line":54,"column":61},"end":{"line":54,"column":62}},"loc":{"start":{"line":54,"column":71},"end":{"line":54,"column":76}},"line":54},"4":{"name":"(anonymous_4)","decl":{"start":{"line":55,"column":62},"end":{"line":55,"column":63}},"loc":{"start":{"line":55,"column":72},"end":{"line":55,"column":78}},"line":55},"5":{"name":"(anonymous_5)","decl":{"start":{"line":56,"column":62},"end":{"line":56,"column":63}},"loc":{"start":{"line":56,"column":72},"end":{"line":56,"column":78}},"line":56},"6":{"name":"(anonymous_6)","decl":{"start":{"line":65,"column":53},"end":{"line":65,"column":54}},"loc":{"start":{"line":65,"column":59},"end":{"line":65,"column":118}},"line":65},"7":{"name":"(anonymous_7)","decl":{"start":{"line":65,"column":124},"end":{"line":65,"column":125}},"loc":{"start":{"line":65,"column":130},"end":{"line":65,"column":143}},"line":65},"8":{"name":"(anonymous_8)","decl":{"start":{"line":144,"column":29},"end":{"line":144,"column":30}},"loc":{"start":{"line":144,"column":43},"end":{"line":147,"column":1}},"line":144}},"branchMap":{"0":{"loc":{"start":{"line":65,"column":59},"end":{"line":65,"column":118}},"type":"binary-expr","locations":[{"start":{"line":65,"column":59},"end":{"line":65,"column":95}},{"start":{"line":65,"column":99},"end":{"line":65,"column":118}}],"line":65},"1":{"loc":{"start":{"line":76,"column":12},"end":{"line":83,"column":13}},"type":"if","locations":[{"start":{"line":76,"column":12},"end":{"line":83,"column":13}},{"start":{},"end":{}}],"line":76},"2":{"loc":{"start":{"line":85,"column":12},"end":{"line":92,"column":13}},"type":"if","locations":[{"start":{"line":85,"column":12},"end":{"line":92,"column":13}},{"start":{},"end":{}}],"line":85}},"s":{"0":1,"1":1,"2":1,"3":2,"4":2,"5":36,"6":36,"7":2,"8":2,"9":2,"10":24,"11":24,"12":24,"13":72,"14":72,"15":24,"16":2,"17":2,"18":2,"19":24,"20":24,"21":24,"22":2,"23":2,"24":72,"25":36,"26":2,"27":2,"28":2,"29":24,"30":24,"31":72,"32":72,"33":48,"34":72,"35":66,"36":2,"37":2,"38":2,"39":22,"40":22,"41":44,"42":44,"43":2,"44":2,"45":2,"46":24,"47":24,"48":2,"49":2,"50":2,"51":22,"52":22,"53":2,"54":1,"55":2,"56":2,"57":1},"f":{"0":2,"1":36,"2":36,"3":24,"4":24,"5":24,"6":72,"7":36,"8":2},"b":{"0":[72,36],"1":[48,24],"2":[66,6]},"_coverageSchema":"1a1c01bbd47fc00a2c39e90264f33305004495a9","hash":"97c4e0e491160cac98c1656bd4abfe2fba9dc193"}
,"C:\\Users\\antoi\\Desktop\\GitHub\\Dev-Web-2024\\backend\\routes\\roulette-net.js": {"path":"C:\\Users\\antoi\\Desktop\\GitHub\\Dev-Web-2024\\backend\\routes\\roulette-net.js","statementMap":{"0":{"start":{"line":1,"column":16},"end":{"line":1,"column":34}},"1":{"start":{"line":2,"column":15},"end":{"line":2,"column":31}},"2":{"start":{"line":3,"column":11},"end":{"line":3,"column":40}},"3":{"start":{"line":7,"column":20},"end":{"line":7,"column":87}},"4":{"start":{"line":14,"column":4},"end":{"line":14,"column":37}},"5":{"start":{"line":14,"column":22},"end":{"line":14,"column":37}},"6":{"start":{"line":15,"column":4},"end":{"line":15,"column":58}},"7":{"start":{"line":25,"column":4},"end":{"line":25,"column":95}},"8":{"start":{"line":26,"column":4},"end":{"line":26,"column":93}},"9":{"start":{"line":27,"column":4},"end":{"line":27,"column":69}},"10":{"start":{"line":29,"column":19},"end":{"line":29,"column":24}},"11":{"start":{"line":30,"column":18},"end":{"line":30,"column":19}},"12":{"start":{"line":31,"column":21},"end":{"line":31,"column":48}},"13":{"start":{"line":32,"column":19},"end":{"line":32,"column":61}},"14":{"start":{"line":36,"column":24},"end":{"line":36,"column":69}},"15":{"start":{"line":37,"column":25},"end":{"line":37,"column":70}},"16":{"start":{"line":38,"column":24},"end":{"line":38,"column":69}},"17":{"start":{"line":42,"column":4},"end":{"line":88,"column":5}},"18":{"start":{"line":43,"column":25},"end":{"line":43,"column":57}},"19":{"start":{"line":44,"column":20},"end":{"line":44,"column":25}},"20":{"start":{"line":48,"column":8},"end":{"line":75,"column":9}},"21":{"start":{"line":49,"column":12},"end":{"line":49,"column":25}},"22":{"start":{"line":53,"column":13},"end":{"line":75,"column":9}},"23":{"start":{"line":54,"column":12},"end":{"line":74,"column":13}},"24":{"start":{"line":54,"column":57},"end":{"line":54,"column":70}},"25":{"start":{"line":55,"column":17},"end":{"line":74,"column":13}},"26":{"start":{"line":55,"column":66},"end":{"line":55,"column":79}},"27":{"start":{"line":56,"column":17},"end":{"line":74,"column":13}},"28":{"start":{"line":56,"column":51},"end":{"line":56,"column":64}},"29":{"start":{"line":57,"column":17},"end":{"line":74,"column":13}},"30":{"start":{"line":57,"column":72},"end":{"line":57,"column":85}},"31":{"start":{"line":58,"column":17},"end":{"line":74,"column":13}},"32":{"start":{"line":58,"column":84},"end":{"line":58,"column":97}},"33":{"start":{"line":59,"column":17},"end":{"line":74,"column":13}},"34":{"start":{"line":59,"column":86},"end":{"line":59,"column":99}},"35":{"start":{"line":60,"column":17},"end":{"line":74,"column":13}},"36":{"start":{"line":60,"column":84},"end":{"line":60,"column":97}},"37":{"start":{"line":61,"column":17},"end":{"line":74,"column":13}},"38":{"start":{"line":61,"column":86},"end":{"line":61,"column":99}},"39":{"start":{"line":62,"column":17},"end":{"line":74,"column":13}},"40":{"start":{"line":62,"column":86},"end":{"line":62,"column":99}},"41":{"start":{"line":65,"column":17},"end":{"line":74,"column":13}},"42":{"start":{"line":71,"column":16},"end":{"line":73,"column":121}},"43":{"start":{"line":71,"column":77},"end":{"line":71,"column":100}},"44":{"start":{"line":71,"column":103},"end":{"line":71,"column":116}},"45":{"start":{"line":72,"column":21},"end":{"line":73,"column":121}},"46":{"start":{"line":72,"column":83},"end":{"line":72,"column":107}},"47":{"start":{"line":72,"column":110},"end":{"line":72,"column":123}},"48":{"start":{"line":73,"column":21},"end":{"line":73,"column":121}},"49":{"start":{"line":73,"column":82},"end":{"line":73,"column":105}},"50":{"start":{"line":73,"column":108},"end":{"line":73,"column":121}},"51":{"start":{"line":79,"column":8},"end":{"line":86,"column":9}},"52":{"start":{"line":80,"column":25},"end":{"line":80,"column":39}},"53":{"start":{"line":81,"column":12},"end":{"line":81,"column":29}},"54":{"start":{"line":84,"column":12},"end":{"line":84,"column":29}},"55":{"start":{"line":87,"column":8},"end":{"line":87,"column":26}},"56":{"start":{"line":92,"column":4},"end":{"line":92,"column":32}},"57":{"start":{"line":93,"column":4},"end":{"line":93,"column":23}},"58":{"start":{"line":106,"column":4},"end":{"line":119,"column":5}},"59":{"start":{"line":107,"column":8},"end":{"line":118,"column":9}},"60":{"start":{"line":109,"column":12},"end":{"line":112,"column":14}},"61":{"start":{"line":117,"column":12},"end":{"line":117,"column":22}},"62":{"start":{"line":123,"column":4},"end":{"line":128,"column":6}},"63":{"start":{"line":135,"column":0},"end":{"line":140,"column":3}},"64":{"start":{"line":136,"column":19},"end":{"line":136,"column":49}},"65":{"start":{"line":137,"column":18},"end":{"line":137,"column":40}},"66":{"start":{"line":139,"column":4},"end":{"line":139,"column":32}},"67":{"start":{"line":146,"column":0},"end":{"line":194,"column":3}},"68":{"start":{"line":147,"column":41},"end":{"line":147,"column":49}},"69":{"start":{"line":148,"column":19},"end":{"line":148,"column":34}},"70":{"start":{"line":157,"column":4},"end":{"line":168,"column":5}},"71":{"start":{"line":158,"column":8},"end":{"line":167,"column":9}},"72":{"start":{"line":159,"column":27},"end":{"line":159,"column":95}},"73":{"start":{"line":160,"column":12},"end":{"line":164,"column":13}},"74":{"start":{"line":161,"column":34},"end":{"line":161,"column":47}},"75":{"start":{"line":172,"column":4},"end":{"line":177,"column":5}},"76":{"start":{"line":174,"column":8},"end":{"line":176,"column":11}},"77":{"start":{"line":179,"column":4},"end":{"line":193,"column":5}},"78":{"start":{"line":182,"column":23},"end":{"line":182,"column":75}},"79":{"start":{"line":185,"column":8},"end":{"line":185,"column":25}},"80":{"start":{"line":190,"column":8},"end":{"line":192,"column":11}},"81":{"start":{"line":196,"column":0},"end":{"line":196,"column":24}}},"fnMap":{"0":{"name":"getNumberColor","decl":{"start":{"line":13,"column":9},"end":{"line":13,"column":23}},"loc":{"start":{"line":13,"column":32},"end":{"line":16,"column":1}},"line":13},"1":{"name":"win","decl":{"start":{"line":22,"column":15},"end":{"line":22,"column":18}},"loc":{"start":{"line":22,"column":93},"end":{"line":129,"column":1}},"line":22},"2":{"name":"(anonymous_2)","decl":{"start":{"line":71,"column":72},"end":{"line":71,"column":73}},"loc":{"start":{"line":71,"column":77},"end":{"line":71,"column":100}},"line":71},"3":{"name":"(anonymous_3)","decl":{"start":{"line":72,"column":78},"end":{"line":72,"column":79}},"loc":{"start":{"line":72,"column":83},"end":{"line":72,"column":107}},"line":72},"4":{"name":"(anonymous_4)","decl":{"start":{"line":73,"column":77},"end":{"line":73,"column":78}},"loc":{"start":{"line":73,"column":82},"end":{"line":73,"column":105}},"line":73},"5":{"name":"(anonymous_5)","decl":{"start":{"line":135,"column":21},"end":{"line":135,"column":22}},"loc":{"start":{"line":135,"column":35},"end":{"line":140,"column":1}},"line":135},"6":{"name":"(anonymous_6)","decl":{"start":{"line":146,"column":20},"end":{"line":146,"column":21}},"loc":{"start":{"line":146,"column":40},"end":{"line":194,"column":1}},"line":146}},"branchMap":{"0":{"loc":{"start":{"line":14,"column":4},"end":{"line":14,"column":37}},"type":"if","locations":[{"start":{"line":14,"column":4},"end":{"line":14,"column":37}},{"start":{},"end":{}}],"line":14},"1":{"loc":{"start":{"line":15,"column":11},"end":{"line":15,"column":57}},"type":"cond-expr","locations":[{"start":{"line":15,"column":42},"end":{"line":15,"column":47}},{"start":{"line":15,"column":50},"end":{"line":15,"column":57}}],"line":15},"2":{"loc":{"start":{"line":22,"column":53},"end":{"line":22,"column":65}},"type":"default-arg","locations":[{"start":{"line":22,"column":64},"end":{"line":22,"column":65}}],"line":22},"3":{"loc":{"start":{"line":22,"column":67},"end":{"line":22,"column":77}},"type":"default-arg","locations":[{"start":{"line":22,"column":76},"end":{"line":22,"column":77}}],"line":22},"4":{"loc":{"start":{"line":22,"column":79},"end":{"line":22,"column":91}},"type":"default-arg","locations":[{"start":{"line":22,"column":90},"end":{"line":22,"column":91}}],"line":22},"5":{"loc":{"start":{"line":32,"column":19},"end":{"line":32,"column":61}},"type":"binary-expr","locations":[{"start":{"line":32,"column":19},"end":{"line":32,"column":36}},{"start":{"line":32,"column":40},"end":{"line":32,"column":61}}],"line":32},"6":{"loc":{"start":{"line":48,"column":8},"end":{"line":75,"column":9}},"type":"if","locations":[{"start":{"line":48,"column":8},"end":{"line":75,"column":9}},{"start":{"line":53,"column":13},"end":{"line":75,"column":9}}],"line":48},"7":{"loc":{"start":{"line":53,"column":13},"end":{"line":75,"column":9}},"type":"if","locations":[{"start":{"line":53,"column":13},"end":{"line":75,"column":9}},{"start":{},"end":{}}],"line":53},"8":{"loc":{"start":{"line":54,"column":12},"end":{"line":74,"column":13}},"type":"if","locations":[{"start":{"line":54,"column":12},"end":{"line":74,"column":13}},{"start":{"line":55,"column":17},"end":{"line":74,"column":13}}],"line":54},"9":{"loc":{"start":{"line":54,"column":16},"end":{"line":54,"column":55}},"type":"binary-expr","locations":[{"start":{"line":54,"column":16},"end":{"line":54,"column":33}},{"start":{"line":54,"column":37},"end":{"line":54,"column":55}}],"line":54},"10":{"loc":{"start":{"line":55,"column":17},"end":{"line":74,"column":13}},"type":"if","locations":[{"start":{"line":55,"column":17},"end":{"line":74,"column":13}},{"start":{"line":56,"column":17},"end":{"line":74,"column":13}}],"line":55},"11":{"loc":{"start":{"line":55,"column":21},"end":{"line":55,"column":64}},"type":"binary-expr","locations":[{"start":{"line":55,"column":21},"end":{"line":55,"column":40}},{"start":{"line":55,"column":44},"end":{"line":55,"column":64}}],"line":55},"12":{"loc":{"start":{"line":56,"column":17},"end":{"line":74,"column":13}},"type":"if","locations":[{"start":{"line":56,"column":17},"end":{"line":74,"column":13}},{"start":{"line":57,"column":17},"end":{"line":74,"column":13}}],"line":56},"13":{"loc":{"start":{"line":56,"column":21},"end":{"line":56,"column":49}},"type":"binary-expr","locations":[{"start":{"line":56,"column":21},"end":{"line":56,"column":39}},{"start":{"line":56,"column":43},"end":{"line":56,"column":49}}],"line":56},"14":{"loc":{"start":{"line":57,"column":17},"end":{"line":74,"column":13}},"type":"if","locations":[{"start":{"line":57,"column":17},"end":{"line":74,"column":13}},{"start":{"line":58,"column":17},"end":{"line":74,"column":13}}],"line":57},"15":{"loc":{"start":{"line":57,"column":21},"end":{"line":57,"column":70}},"type":"binary-expr","locations":[{"start":{"line":57,"column":21},"end":{"line":57,"column":38}},{"start":{"line":57,"column":42},"end":{"line":57,"column":49}},{"start":{"line":57,"column":53},"end":{"line":57,"column":70}}],"line":57},"16":{"loc":{"start":{"line":58,"column":17},"end":{"line":74,"column":13}},"type":"if","locations":[{"start":{"line":58,"column":17},"end":{"line":74,"column":13}},{"start":{"line":59,"column":17},"end":{"line":74,"column":13}}],"line":58},"17":{"loc":{"start":{"line":58,"column":21},"end":{"line":58,"column":82}},"type":"binary-expr","locations":[{"start":{"line":58,"column":21},"end":{"line":58,"column":41}},{"start":{"line":58,"column":45},"end":{"line":58,"column":61}},{"start":{"line":58,"column":65},"end":{"line":58,"column":82}}],"line":58},"18":{"loc":{"start":{"line":59,"column":17},"end":{"line":74,"column":13}},"type":"if","locations":[{"start":{"line":59,"column":17},"end":{"line":74,"column":13}},{"start":{"line":60,"column":17},"end":{"line":74,"column":13}}],"line":59},"19":{"loc":{"start":{"line":59,"column":21},"end":{"line":59,"column":84}},"type":"binary-expr","locations":[{"start":{"line":59,"column":21},"end":{"line":59,"column":42}},{"start":{"line":59,"column":46},"end":{"line":59,"column":63}},{"start":{"line":59,"column":67},"end":{"line":59,"column":84}}],"line":59},"20":{"loc":{"start":{"line":60,"column":17},"end":{"line":74,"column":13}},"type":"if","locations":[{"start":{"line":60,"column":17},"end":{"line":74,"column":13}},{"start":{"line":61,"column":17},"end":{"line":74,"column":13}}],"line":60},"21":{"loc":{"start":{"line":60,"column":21},"end":{"line":60,"column":82}},"type":"binary-expr","locations":[{"start":{"line":60,"column":21},"end":{"line":60,"column":41}},{"start":{"line":60,"column":45},"end":{"line":60,"column":61}},{"start":{"line":60,"column":65},"end":{"line":60,"column":82}}],"line":60},"22":{"loc":{"start":{"line":61,"column":17},"end":{"line":74,"column":13}},"type":"if","locations":[{"start":{"line":61,"column":17},"end":{"line":74,"column":13}},{"start":{"line":62,"column":17},"end":{"line":74,"column":13}}],"line":61},"23":{"loc":{"start":{"line":61,"column":21},"end":{"line":61,"column":84}},"type":"binary-expr","locations":[{"start":{"line":61,"column":21},"end":{"line":61,"column":42}},{"start":{"line":61,"column":46},"end":{"line":61,"column":63}},{"start":{"line":61,"column":67},"end":{"line":61,"column":84}}],"line":61},"24":{"loc":{"start":{"line":62,"column":17},"end":{"line":74,"column":13}},"type":"if","locations":[{"start":{"line":62,"column":17},"end":{"line":74,"column":13}},{"start":{"line":65,"column":17},"end":{"line":74,"column":13}}],"line":62},"25":{"loc":{"start":{"line":62,"column":21},"end":{"line":62,"column":84}},"type":"binary-expr","locations":[{"start":{"line":62,"column":21},"end":{"line":62,"column":42}},{"start":{"line":62,"column":46},"end":{"line":62,"column":63}},{"start":{"line":62,"column":67},"end":{"line":62,"column":84}}],"line":62},"26":{"loc":{"start":{"line":65,"column":17},"end":{"line":74,"column":13}},"type":"if","locations":[{"start":{"line":65,"column":17},"end":{"line":74,"column":13}},{"start":{},"end":{}}],"line":65},"27":{"loc":{"start":{"line":65,"column":21},"end":{"line":65,"column":71}},"type":"binary-expr","locations":[{"start":{"line":65,"column":21},"end":{"line":65,"column":40}},{"start":{"line":65,"column":44},"end":{"line":65,"column":71}}],"line":65},"28":{"loc":{"start":{"line":71,"column":16},"end":{"line":73,"column":121}},"type":"if","locations":[{"start":{"line":71,"column":16},"end":{"line":73,"column":121}},{"start":{"line":72,"column":21},"end":{"line":73,"column":121}}],"line":71},"29":{"loc":{"start":{"line":71,"column":20},"end":{"line":71,"column":101}},"type":"binary-expr","locations":[{"start":{"line":71,"column":20},"end":{"line":71,"column":53}},{"start":{"line":71,"column":57},"end":{"line":71,"column":101}}],"line":71},"30":{"loc":{"start":{"line":72,"column":21},"end":{"line":73,"column":121}},"type":"if","locations":[{"start":{"line":72,"column":21},"end":{"line":73,"column":121}},{"start":{"line":73,"column":21},"end":{"line":73,"column":121}}],"line":72},"31":{"loc":{"start":{"line":72,"column":25},"end":{"line":72,"column":108}},"type":"binary-expr","locations":[{"start":{"line":72,"column":25},"end":{"line":72,"column":59}},{"start":{"line":72,"column":63},"end":{"line":72,"column":108}}],"line":72},"32":{"loc":{"start":{"line":73,"column":21},"end":{"line":73,"column":121}},"type":"if","locations":[{"start":{"line":73,"column":21},"end":{"line":73,"column":121}},{"start":{},"end":{}}],"line":73},"33":{"loc":{"start":{"line":73,"column":25},"end":{"line":73,"column":106}},"type":"binary-expr","locations":[{"start":{"line":73,"column":25},"end":{"line":73,"column":58}},{"start":{"line":73,"column":62},"end":{"line":73,"column":106}}],"line":73},"34":{"loc":{"start":{"line":79,"column":8},"end":{"line":86,"column":9}},"type":"if","locations":[{"start":{"line":79,"column":8},"end":{"line":86,"column":9}},{"start":{"line":83,"column":13},"end":{"line":86,"column":9}}],"line":79},"35":{"loc":{"start":{"line":106,"column":4},"end":{"line":119,"column":5}},"type":"if","locations":[{"start":{"line":106,"column":4},"end":{"line":119,"column":5}},{"start":{},"end":{}}],"line":106},"36":{"loc":{"start":{"line":157,"column":4},"end":{"line":168,"column":5}},"type":"if","locations":[{"start":{"line":157,"column":4},"end":{"line":168,"column":5}},{"start":{},"end":{}}],"line":157},"37":{"loc":{"start":{"line":160,"column":12},"end":{"line":164,"column":13}},"type":"if","locations":[{"start":{"line":160,"column":12},"end":{"line":164,"column":13}},{"start":{},"end":{}}],"line":160},"38":{"loc":{"start":{"line":172,"column":4},"end":{"line":177,"column":5}},"type":"if","locations":[{"start":{"line":172,"column":4},"end":{"line":177,"column":5}},{"start":{},"end":{}}],"line":172},"39":{"loc":{"start":{"line":172,"column":8},"end":{"line":172,"column":80}},"type":"binary-expr","locations":[{"start":{"line":172,"column":8},"end":{"line":172,"column":33}},{"start":{"line":172,"column":37},"end":{"line":172,"column":57}},{"start":{"line":172,"column":61},"end":{"line":172,"column":80}}],"line":172}},"s":{"0":1,"1":1,"2":1,"3":1,"4":15,"5":1,"6":14,"7":8,"8":8,"9":8,"10":8,"11":8,"12":8,"13":8,"14":8,"15":8,"16":8,"17":8,"18":8,"19":8,"20":8,"21":7,"22":1,"23":1,"24":0,"25":1,"26":0,"27":1,"28":0,"29":1,"30":0,"31":1,"32":0,"33":1,"34":0,"35":1,"36":0,"37":1,"38":0,"39":1,"40":0,"41":1,"42":0,"43":0,"44":0,"45":0,"46":0,"47":0,"48":0,"49":0,"50":0,"51":8,"52":7,"53":7,"54":1,"55":8,"56":8,"57":8,"58":8,"59":8,"60":8,"61":1,"62":7,"63":1,"64":7,"65":7,"66":7,"67":1,"68":12,"69":12,"70":12,"71":8,"72":8,"73":8,"74":8,"75":12,"76":4,"77":8,"78":8,"79":7,"80":1,"81":1},"f":{"0":15,"1":8,"2":0,"3":0,"4":0,"5":7,"6":12},"b":{"0":[1,14],"1":[10,4],"2":[0],"3":[0],"4":[0],"5":[8,8],"6":[7,1],"7":[1,0],"8":[0,1],"9":[1,0],"10":[0,1],"11":[1,0],"12":[0,1],"13":[1,0],"14":[0,1],"15":[1,0,0],"16":[0,1],"17":[1,0,0],"18":[0,1],"19":[1,0,0],"20":[0,1],"21":[1,0,0],"22":[0,1],"23":[1,0,0],"24":[0,1],"25":[1,0,0],"26":[0,1],"27":[1,0],"28":[0,0],"29":[0,0],"30":[0,0],"31":[0,0],"32":[0,0],"33":[0,0],"34":[7,1],"35":[8,0],"36":[8,4],"37":[8,0],"38":[4,8],"39":[12,10,9]},"_coverageSchema":"1a1c01bbd47fc00a2c39e90264f33305004495a9","hash":"f5fe76934a90f331ef8dc8aa1e294c7ddac82fb2"}
}
