{"C:\\Users\\antoi\\Desktop\\GitHub\\Dev-Web-2024\\backend\\routes\\roulette-net-prepareBettingBoard.js": {"path":"C:\\Users\\antoi\\Desktop\\GitHub\\Dev-Web-2024\\backend\\routes\\roulette-net-prepareBettingBoard.js","statementMap":{"0":{"start":{"line":1,"column":16},"end":{"line":1,"column":34}},"1":{"start":{"line":2,"column":15},"end":{"line":2,"column":31}},"2":{"start":{"line":6,"column":20},"end":{"line":6,"column":87}},"3":{"start":{"line":13,"column":19},"end":{"line":13,"column":21}},"4":{"start":{"line":17,"column":4},"end":{"line":20,"column":6}},"5":{"start":{"line":18,"column":71},"end":{"line":18,"column":76}},"6":{"start":{"line":19,"column":72},"end":{"line":19,"column":78}},"7":{"start":{"line":24,"column":4},"end":{"line":24,"column":32}},"8":{"start":{"line":25,"column":4},"end":{"line":37,"column":5}},"9":{"start":{"line":25,"column":19},"end":{"line":25,"column":20}},"10":{"start":{"line":26,"column":21},"end":{"line":26,"column":23}},"11":{"start":{"line":27,"column":8},"end":{"line":35,"column":9}},"12":{"start":{"line":27,"column":23},"end":{"line":27,"column":24}},"13":{"start":{"line":28,"column":24},"end":{"line":28,"column":41}},"14":{"start":{"line":29,"column":12},"end":{"line":34,"column":15}},"15":{"start":{"line":36,"column":8},"end":{"line":36,"column":42}},"16":{"start":{"line":41,"column":4},"end":{"line":41,"column":75}},"17":{"start":{"line":45,"column":4},"end":{"line":49,"column":6}},"18":{"start":{"line":53,"column":4},"end":{"line":57,"column":6}},"19":{"start":{"line":54,"column":71},"end":{"line":54,"column":76}},"20":{"start":{"line":55,"column":72},"end":{"line":55,"column":78}},"21":{"start":{"line":56,"column":72},"end":{"line":56,"column":78}},"22":{"start":{"line":61,"column":23},"end":{"line":61,"column":52}},"23":{"start":{"line":62,"column":4},"end":{"line":67,"column":6}},"24":{"start":{"line":65,"column":59},"end":{"line":65,"column":118}},"25":{"start":{"line":65,"column":130},"end":{"line":65,"column":143}},"26":{"start":{"line":71,"column":4},"end":{"line":71,"column":26}},"27":{"start":{"line":72,"column":4},"end":{"line":94,"column":5}},"28":{"start":{"line":72,"column":19},"end":{"line":72,"column":20}},"29":{"start":{"line":73,"column":8},"end":{"line":93,"column":9}},"30":{"start":{"line":73,"column":23},"end":{"line":73,"column":24}},"31":{"start":{"line":74,"column":22},"end":{"line":74,"column":35}},"32":{"start":{"line":76,"column":12},"end":{"line":83,"column":13}},"33":{"start":{"line":77,"column":16},"end":{"line":82,"column":19}},"34":{"start":{"line":85,"column":12},"end":{"line":92,"column":13}},"35":{"start":{"line":86,"column":16},"end":{"line":91,"column":19}},"36":{"start":{"line":98,"column":4},"end":{"line":98,"column":27}},"37":{"start":{"line":99,"column":4},"end":{"line":109,"column":5}},"38":{"start":{"line":99,"column":19},"end":{"line":99,"column":20}},"39":{"start":{"line":100,"column":8},"end":{"line":108,"column":9}},"40":{"start":{"line":100,"column":23},"end":{"line":100,"column":24}},"41":{"start":{"line":101,"column":22},"end":{"line":101,"column":35}},"42":{"start":{"line":102,"column":12},"end":{"line":107,"column":15}},"43":{"start":{"line":113,"column":4},"end":{"line":113,"column":27}},"44":{"start":{"line":114,"column":4},"end":{"line":122,"column":5}},"45":{"start":{"line":114,"column":19},"end":{"line":114,"column":20}},"46":{"start":{"line":115,"column":18},"end":{"line":115,"column":29}},"47":{"start":{"line":116,"column":8},"end":{"line":121,"column":11}},"48":{"start":{"line":126,"column":4},"end":{"line":126,"column":33}},"49":{"start":{"line":127,"column":4},"end":{"line":135,"column":5}},"50":{"start":{"line":127,"column":19},"end":{"line":127,"column":20}},"51":{"start":{"line":128,"column":18},"end":{"line":128,"column":29}},"52":{"start":{"line":129,"column":8},"end":{"line":134,"column":11}},"53":{"start":{"line":137,"column":4},"end":{"line":137,"column":18}},"54":{"start":{"line":144,"column":0},"end":{"line":147,"column":3}},"55":{"start":{"line":145,"column":25},"end":{"line":145,"column":46}},"56":{"start":{"line":146,"column":4},"end":{"line":146,"column":27}},"57":{"start":{"line":149,"column":0},"end":{"line":152,"column":2}}},"fnMap":{"0":{"name":"prepareBettingBoard","decl":{"start":{"line":12,"column":9},"end":{"line":12,"column":28}},"loc":{"start":{"line":12,"column":31},"end":{"line":138,"column":1}},"line":12},"1":{"name":"(anonymous_1)","decl":{"start":{"line":18,"column":61},"end":{"line":18,"column":62}},"loc":{"start":{"line":18,"column":71},"end":{"line":18,"column":76}},"line":18},"2":{"name":"(anonymous_2)","decl":{"start":{"line":19,"column":62},"end":{"line":19,"column":63}},"loc":{"start":{"line":19,"column":72},"end":{"line":19,"column":78}},"line":19},"3":{"name":"(anonymous_3)","decl":{"start":{"line":54,"column":61},"end":{"line":54,"column":62}},"loc":{"start":{"line":54,"column":71},"end":{"line":54,"column":76}},"line":54},"4":{"name":"(anonymous_4)","decl":{"start":{"line":55,"column":62},"end":{"line":55,"column":63}},"loc":{"start":{"line":55,"column":72},"end":{"line":55,"column":78}},"line":55},"5":{"name":"(anonymous_5)","decl":{"start":{"line":56,"column":62},"end":{"line":56,"column":63}},"loc":{"start":{"line":56,"column":72},"end":{"line":56,"column":78}},"line":56},"6":{"name":"(anonymous_6)","decl":{"start":{"line":65,"column":53},"end":{"line":65,"column":54}},"loc":{"start":{"line":65,"column":59},"end":{"line":65,"column":118}},"line":65},"7":{"name":"(anonymous_7)","decl":{"start":{"line":65,"column":124},"end":{"line":65,"column":125}},"loc":{"start":{"line":65,"column":130},"end":{"line":65,"column":143}},"line":65},"8":{"name":"(anonymous_8)","decl":{"start":{"line":144,"column":29},"end":{"line":144,"column":30}},"loc":{"start":{"line":144,"column":43},"end":{"line":147,"column":1}},"line":144}},"branchMap":{"0":{"loc":{"start":{"line":65,"column":59},"end":{"line":65,"column":118}},"type":"binary-expr","locations":[{"start":{"line":65,"column":59},"end":{"line":65,"column":95}},{"start":{"line":65,"column":99},"end":{"line":65,"column":118}}],"line":65},"1":{"loc":{"start":{"line":76,"column":12},"end":{"line":83,"column":13}},"type":"if","locations":[{"start":{"line":76,"column":12},"end":{"line":83,"column":13}},{"start":{},"end":{}}],"line":76},"2":{"loc":{"start":{"line":85,"column":12},"end":{"line":92,"column":13}},"type":"if","locations":[{"start":{"line":85,"column":12},"end":{"line":92,"column":13}},{"start":{},"end":{}}],"line":85}},"s":{"0":1,"1":1,"2":1,"3":194,"4":194,"5":3492,"6":3492,"7":194,"8":194,"9":194,"10":2328,"11":2328,"12":2328,"13":6984,"14":6984,"15":2328,"16":194,"17":194,"18":194,"19":2328,"20":2328,"21":2328,"22":194,"23":194,"24":6984,"25":3492,"26":194,"27":194,"28":194,"29":2328,"30":2328,"31":6984,"32":6984,"33":4656,"34":6984,"35":6402,"36":194,"37":194,"38":194,"39":2134,"40":2134,"41":4268,"42":4268,"43":194,"44":194,"45":194,"46":2328,"47":2328,"48":194,"49":194,"50":194,"51":2134,"52":2134,"53":194,"54":1,"55":14,"56":14,"57":1},"f":{"0":194,"1":3492,"2":3492,"3":2328,"4":2328,"5":2328,"6":6984,"7":3492,"8":14},"b":{"0":[6984,3492],"1":[4656,2328],"2":[6402,582]},"_coverageSchema":"1a1c01bbd47fc00a2c39e90264f33305004495a9","hash":"97c4e0e491160cac98c1656bd4abfe2fba9dc193"}
}
