TN:
SF:config\dbConfig.js
FNF:0
FNH:0
DA:1,1
DA:3,1
DA:12,1
LF:3
LH:3
BRF:0
BRH:0
end_of_record
TN:
SF:routes\edit-compte.js
FN:6,(anonymous_0)
FNF:1
FNH:1
FNDA:3,(anonymous_0)
DA:1,1
DA:2,1
DA:3,1
DA:4,1
DA:6,1
DA:7,3
DA:9,3
DA:10,3
DA:11,3
DA:13,3
DA:14,1
DA:15,1
DA:16,1
DA:17,1
DA:20,3
DA:21,3
DA:23,3
DA:24,2
DA:26,1
DA:27,1
DA:31,1
LF:21
LH:21
BRDA:13,0,0,1
BRDA:13,0,1,2
BRF:2
BRH:2
end_of_record
TN:
SF:routes\new_game.js
FN:6,calculerGain
FN:32,(anonymous_1)
FN:55,firebaseTimestampToMySQLDatetime
FN:76,sessionExists
FN:84,getNextGameSessionId
FN:99,insertGameSession
FN:113,insertBet
FN:127,getUserSolde
FN:133,updateUserSolde
FN:140,(anonymous_9)
FNF:10
FNH:10
FNDA:37,calculerGain
FNDA:90,(anonymous_1)
FNDA:7,firebaseTimestampToMySQLDatetime
FNDA:3,sessionExists
FNDA:1,getNextGameSessionId
FNDA:1,insertGameSession
FNDA:1,insertBet
FNDA:1,getUserSolde
FNDA:1,updateUserSolde
FNDA:7,(anonymous_9)
DA:1,3
DA:2,3
DA:3,3
DA:8,37
DA:11,37
DA:12,37
DA:14,37
DA:15,7
DA:18,30
DA:19,4
DA:20,4
DA:23,26
DA:24,10
DA:25,10
DA:28,30
DA:29,10
DA:30,10
DA:32,90
DA:33,30
DA:34,10
DA:35,4
DA:36,6
DA:37,2
DA:40,30
DA:43,30
DA:44,2
DA:47,30
DA:48,2
DA:49,2
DA:51,28
DA:57,7
DA:61,1
DA:65,6
DA:68,6
DA:69,5
DA:71,5
DA:77,3
DA:81,2
DA:85,1
DA:88,1
DA:89,1
DA:90,0
DA:91,0
DA:92,0
DA:93,0
DA:96,1
DA:100,1
DA:104,1
DA:114,1
DA:118,1
DA:128,1
DA:129,1
DA:130,1
DA:134,1
DA:135,1
DA:140,3
DA:150,7
DA:152,7
DA:154,7
DA:163,4
DA:166,3
DA:167,3
DA:169,3
DA:170,1
DA:175,1
DA:176,1
DA:178,1
DA:179,1
DA:181,1
DA:182,1
DA:183,1
DA:185,1
DA:187,1
DA:188,1
DA:192,3
DA:193,3
DA:194,3
LF:77
LH:73
BRDA:6,0,0,31
BRDA:8,1,0,32
BRDA:8,1,1,5
BRDA:14,2,0,7
BRDA:14,2,1,30
BRDA:14,3,0,37
BRDA:14,3,1,8
BRDA:15,4,0,3
BRDA:15,4,1,4
BRDA:18,5,0,4
BRDA:18,5,1,26
BRDA:18,6,0,30
BRDA:18,6,1,6
BRDA:18,6,2,26
BRDA:18,6,3,3
BRDA:23,7,0,10
BRDA:23,7,1,16
BRDA:23,8,0,26
BRDA:23,8,1,10
BRDA:28,9,0,10
BRDA:28,9,1,20
BRDA:28,10,0,30
BRDA:28,10,1,13
BRDA:33,11,0,10
BRDA:33,11,1,20
BRDA:34,12,0,4
BRDA:34,12,1,6
BRDA:36,13,0,2
BRDA:36,13,1,4
BRDA:43,14,0,2
BRDA:43,14,1,28
BRDA:43,15,0,30
BRDA:43,15,1,20
BRDA:47,16,0,2
BRDA:47,16,1,28
BRDA:57,17,0,1
BRDA:57,17,1,6
BRDA:58,18,0,7
BRDA:58,18,1,3
BRDA:65,19,0,4
BRDA:65,19,1,2
BRDA:68,20,0,1
BRDA:68,20,1,5
BRDA:89,21,0,0
BRDA:89,21,1,1
BRDA:92,22,0,0
BRDA:92,22,1,0
BRDA:122,23,0,1
BRDA:122,23,1,0
BRDA:130,24,0,1
BRDA:130,24,1,0
BRDA:154,25,0,4
BRDA:154,25,1,3
BRDA:155,26,0,7
BRDA:155,26,1,6
BRDA:155,26,2,6
BRDA:155,26,3,5
BRDA:155,26,4,4
BRDA:155,26,5,4
BRDA:155,26,6,4
BRDA:169,27,0,1
BRDA:169,27,1,1
BRF:62
BRH:57
end_of_record
TN:
SF:routes\register.js
FN:7,(anonymous_0)
FNF:1
FNH:1
FNDA:3,(anonymous_0)
DA:1,1
DA:2,1
DA:3,1
DA:4,1
DA:7,1
DA:8,3
DA:10,3
DA:12,3
DA:14,2
DA:15,1
DA:19,1
DA:20,1
DA:23,1
DA:26,1
DA:32,1
DA:33,0
DA:39,1
DA:45,1
DA:46,1
DA:50,1
LF:20
LH:19
BRDA:14,0,0,1
BRDA:14,0,1,1
BRDA:23,1,0,1
BRDA:23,1,1,0
BRDA:32,2,0,0
BRDA:32,2,1,1
BRF:6
BRH:4
end_of_record
TN:
SF:routes\roulette-net-prepareBettingBoard.js
FN:12,prepareBettingBoard
FN:18,(anonymous_1)
FN:19,(anonymous_2)
FN:54,(anonymous_3)
FN:55,(anonymous_4)
FN:56,(anonymous_5)
FN:65,(anonymous_6)
FN:65,(anonymous_7)
FN:144,(anonymous_8)
FNF:9
FNH:9
FNDA:5,prepareBettingBoard
FNDA:90,(anonymous_1)
FNDA:90,(anonymous_2)
FNDA:60,(anonymous_3)
FNDA:60,(anonymous_4)
FNDA:60,(anonymous_5)
FNDA:180,(anonymous_6)
FNDA:90,(anonymous_7)
FNDA:5,(anonymous_8)
DA:1,1
DA:2,1
DA:6,1
DA:13,5
DA:17,5
DA:18,90
DA:19,90
DA:24,5
DA:25,5
DA:26,60
DA:27,60
DA:28,180
DA:29,180
DA:36,60
DA:41,5
DA:45,5
DA:53,5
DA:54,60
DA:55,60
DA:56,60
DA:61,5
DA:62,5
DA:65,180
DA:71,5
DA:72,5
DA:73,60
DA:74,180
DA:76,180
DA:77,120
DA:85,180
DA:86,165
DA:98,5
DA:99,5
DA:100,55
DA:101,110
DA:102,110
DA:113,5
DA:114,5
DA:115,60
DA:116,60
DA:126,5
DA:127,5
DA:128,55
DA:129,55
DA:137,5
DA:144,1
DA:145,5
DA:146,5
DA:149,1
LF:49
LH:49
BRDA:65,0,0,180
BRDA:65,0,1,90
BRDA:76,1,0,120
BRDA:76,1,1,60
BRDA:85,2,0,165
BRDA:85,2,1,15
BRF:6
BRH:6
end_of_record
TN:
SF:routes\roulette-net.js
FN:14,getNumberColor
FN:23,win
FN:74,(anonymous_2)
FN:77,(anonymous_3)
FN:80,(anonymous_4)
FN:138,(anonymous_5)
FN:149,(anonymous_6)
FN:302,(anonymous_7)
FN:343,(anonymous_8)
FN:377,updateStats
FNF:10
FNH:9
FNDA:63,getNumberColor
FNDA:31,win
FNDA:0,(anonymous_2)
FNDA:1,(anonymous_3)
FNDA:1,(anonymous_4)
FNDA:32,(anonymous_5)
FNDA:36,(anonymous_6)
FNDA:13,(anonymous_7)
FNDA:6,(anonymous_8)
FNDA:27,updateStats
DA:1,1
DA:2,1
DA:3,1
DA:7,1
DA:15,63
DA:16,61
DA:30,31
DA:31,31
DA:32,31
DA:33,31
DA:34,31
DA:35,31
DA:39,31
DA:40,31
DA:41,31
DA:45,31
DA:46,27
DA:47,26
DA:51,26
DA:52,19
DA:56,7
DA:57,7
DA:58,7
DA:59,7
DA:60,7
DA:61,7
DA:62,7
DA:63,7
DA:64,7
DA:65,7
DA:68,7
DA:74,2
DA:77,2
DA:80,2
DA:88,26
DA:93,19
DA:94,19
DA:95,19
DA:98,7
DA:101,26
DA:106,30
DA:107,30
DA:108,30
DA:121,30
DA:122,7
DA:126,30
DA:138,1
DA:139,32
DA:140,32
DA:142,32
DA:149,1
DA:150,36
DA:151,36
DA:159,36
DA:160,36
DA:161,35
DA:162,35
DA:163,34
DA:164,33
DA:172,1
DA:179,1
DA:185,1
DA:192,33
DA:194,2
DA:199,31
DA:203,31
DA:209,30
DA:213,30
DA:214,29
DA:216,29
DA:219,28
DA:229,27
DA:234,27
DA:235,27
DA:236,27
DA:238,27
DA:246,2
DA:248,2
DA:250,29
DA:254,27
DA:255,27
DA:256,27
DA:259,27
DA:270,3
DA:275,27
DA:278,27
DA:282,17
DA:287,27
DA:292,1
DA:302,1
DA:303,13
DA:308,13
DA:309,3
DA:312,10
DA:314,10
DA:315,9
DA:319,9
DA:320,8
DA:321,8
DA:325,7
DA:334,6
DA:338,6
DA:339,6
DA:343,6
DA:346,6
DA:347,6
DA:351,8
DA:355,6
DA:356,6
DA:359,6
DA:369,4
DA:381,27
DA:383,27
DA:388,27
DA:395,12
DA:397,4
DA:398,4
DA:399,4
DA:404,4
DA:416,8
DA:427,10
DA:435,17
DA:436,17
DA:441,1
LF:124
LH:124
BRDA:15,0,0,2
BRDA:15,0,1,61
BRDA:16,1,0,45
BRDA:16,1,1,16
BRDA:23,2,0,0
BRDA:23,3,0,0
BRDA:23,4,0,0
BRDA:35,5,0,31
BRDA:35,5,1,31
BRDA:51,6,0,19
BRDA:51,6,1,7
BRDA:56,7,0,7
BRDA:56,7,1,0
BRDA:57,8,0,0
BRDA:57,8,1,7
BRDA:57,9,0,7
BRDA:57,9,1,1
BRDA:58,10,0,0
BRDA:58,10,1,7
BRDA:58,11,0,7
BRDA:58,11,1,1
BRDA:59,12,0,0
BRDA:59,12,1,7
BRDA:59,13,0,7
BRDA:59,13,1,0
BRDA:60,14,0,0
BRDA:60,14,1,7
BRDA:60,15,0,7
BRDA:60,15,1,0
BRDA:60,15,2,0
BRDA:61,16,0,0
BRDA:61,16,1,7
BRDA:61,17,0,7
BRDA:61,17,1,0
BRDA:61,17,2,0
BRDA:62,18,0,0
BRDA:62,18,1,7
BRDA:62,19,0,7
BRDA:62,19,1,0
BRDA:62,19,2,0
BRDA:63,20,0,0
BRDA:63,20,1,7
BRDA:63,21,0,7
BRDA:63,21,1,0
BRDA:63,21,2,0
BRDA:64,22,0,0
BRDA:64,22,1,7
BRDA:64,23,0,7
BRDA:64,23,1,0
BRDA:64,23,2,0
BRDA:65,24,0,0
BRDA:65,24,1,7
BRDA:65,25,0,7
BRDA:65,25,1,0
BRDA:65,25,2,0
BRDA:68,26,0,2
BRDA:68,26,1,5
BRDA:68,27,0,7
BRDA:68,27,1,2
BRDA:74,28,0,0
BRDA:74,28,1,2
BRDA:74,29,0,2
BRDA:74,29,1,0
BRDA:77,30,0,0
BRDA:77,30,1,2
BRDA:77,31,0,2
BRDA:77,31,1,1
BRDA:80,32,0,0
BRDA:80,32,1,2
BRDA:80,33,0,2
BRDA:80,33,1,1
BRDA:88,34,0,19
BRDA:88,34,1,7
BRDA:121,35,0,7
BRDA:121,35,1,23
BRDA:160,36,0,35
BRDA:160,36,1,1
BRDA:163,37,0,33
BRDA:163,37,1,1
BRDA:192,38,0,2
BRDA:192,38,1,31
BRDA:192,39,0,33
BRDA:192,39,1,32
BRDA:192,39,2,31
BRDA:235,40,0,27
BRDA:235,40,1,0
BRDA:238,41,0,7
BRDA:238,41,1,20
BRDA:255,42,0,27
BRDA:255,42,1,0
BRDA:259,43,0,7
BRDA:259,43,1,20
BRDA:308,44,0,3
BRDA:308,44,1,10
BRDA:308,45,0,13
BRDA:308,45,1,12
BRDA:315,46,0,8
BRDA:315,46,1,1
BRDA:339,47,0,6
BRDA:339,47,1,0
BRDA:347,48,0,6
BRDA:347,48,1,0
BRDA:356,49,0,6
BRDA:356,49,1,0
BRDA:364,50,0,5
BRDA:364,50,1,1
BRDA:395,51,0,4
BRDA:395,51,1,8
BRDA:399,52,0,3
BRDA:399,52,1,1
BRDA:419,53,0,2
BRDA:419,53,1,6
BRDA:430,54,0,4
BRDA:430,54,1,6
BRF:114
BRH:79
end_of_record
TN:
SF:routes\stats.js
FN:6,(anonymous_0)
FN:15,(anonymous_1)
FN:31,(anonymous_2)
FN:68,(anonymous_3)
FN:80,(anonymous_4)
FN:97,(anonymous_5)
FNF:6
FNH:2
FNDA:0,(anonymous_0)
FNDA:0,(anonymous_1)
FNDA:2,(anonymous_2)
FNDA:0,(anonymous_3)
FNDA:0,(anonymous_4)
FNDA:10,(anonymous_5)
DA:1,2
DA:2,2
DA:3,2
DA:4,2
DA:6,2
DA:7,0
DA:8,0
DA:9,0
DA:11,0
DA:15,2
DA:16,0
DA:17,0
DA:18,0
DA:21,0
DA:23,0
DA:31,2
DA:32,2
DA:33,2
DA:34,2
DA:44,2
DA:45,1
DA:47,1
DA:68,2
DA:69,0
DA:71,0
DA:72,0
DA:77,0
DA:80,0
DA:81,0
DA:82,0
DA:83,0
DA:85,0
DA:88,0
DA:90,0
DA:91,0
DA:97,2
DA:98,10
DA:103,10
DA:105,10
DA:110,10
DA:117,9
DA:119,3
DA:120,3
DA:121,3
DA:126,3
DA:138,6
DA:149,7
DA:158,3
DA:159,3
DA:165,2
LF:50
LH:29
BRDA:117,0,0,3
BRDA:117,0,1,6
BRDA:121,1,0,2
BRDA:121,1,1,1
BRDA:141,2,0,4
BRDA:141,2,1,2
BRDA:153,3,0,4
BRDA:153,3,1,3
BRF:8
BRH:8
end_of_record
TN:
SF:routes\update_solde.js
FN:10,(anonymous_0)
FNF:1
FNH:1
FNDA:22,(anonymous_0)
DA:1,1
DA:2,1
DA:3,1
DA:4,1
DA:10,1
DA:11,22
DA:12,22
DA:13,22
DA:22,22
DA:25,1
DA:30,21
DA:33,3
DA:38,18
DA:43,12
DA:49,12
DA:59,11
DA:66,7
DA:70,1
LF:18
LH:18
BRDA:22,0,0,1
BRDA:22,0,1,21
BRDA:30,1,0,3
BRDA:30,1,1,18
BRDA:30,2,0,21
BRDA:30,2,1,18
BRDA:43,3,0,11
BRDA:43,3,1,1
BRF:8
BRH:8
end_of_record
