TN:
SF:routes\new_game.js
FN:6,calculerGain
FN:32,(anonymous_1)
FN:55,firebaseTimestampToMySQLDatetime
FN:76,sessionExists
FN:84,getNextGameSessionId
FN:99,insertGameSession
FN:113,insertBet
FN:127,getUserSolde
FN:133,updateUserSolde
FN:140,(anonymous_9)
FNF:10
FNH:10
FNDA:37,calculerGain
FNDA:90,(anonymous_1)
FNDA:7,firebaseTimestampToMySQLDatetime
FNDA:3,sessionExists
FNDA:1,getNextGameSessionId
FNDA:1,insertGameSession
FNDA:1,insertBet
FNDA:1,getUserSolde
FNDA:1,updateUserSolde
FNDA:7,(anonymous_9)
DA:1,1
DA:2,1
DA:3,1
DA:8,37
DA:11,37
DA:12,37
DA:14,37
DA:15,7
DA:18,30
DA:19,4
DA:20,4
DA:23,26
DA:24,10
DA:25,10
DA:28,30
DA:29,10
DA:30,10
DA:32,90
DA:33,30
DA:34,10
DA:35,4
DA:36,6
DA:37,2
DA:40,30
DA:43,30
DA:44,2
DA:47,30
DA:48,2
DA:49,2
DA:51,28
DA:57,7
DA:61,1
DA:65,6
DA:68,6
DA:69,5
DA:71,5
DA:77,3
DA:81,2
DA:85,1
DA:88,1
DA:89,1
DA:90,0
DA:91,0
DA:92,0
DA:93,0
DA:96,1
DA:100,1
DA:104,1
DA:114,1
DA:118,1
DA:128,1
DA:129,1
DA:130,1
DA:134,1
DA:135,1
DA:140,1
DA:150,7
DA:152,7
DA:154,7
DA:163,4
DA:166,3
DA:167,3
DA:169,3
DA:170,1
DA:175,1
DA:176,1
DA:178,1
DA:179,1
DA:181,1
DA:182,1
DA:183,1
DA:185,1
DA:187,1
DA:188,1
DA:192,1
DA:193,1
DA:194,1
LF:77
LH:73
BRDA:6,0,0,31
BRDA:8,1,0,32
BRDA:8,1,1,5
BRDA:14,2,0,7
BRDA:14,2,1,30
BRDA:14,3,0,37
BRDA:14,3,1,8
BRDA:15,4,0,3
BRDA:15,4,1,4
BRDA:18,5,0,4
BRDA:18,5,1,26
BRDA:18,6,0,30
BRDA:18,6,1,6
BRDA:18,6,2,26
BRDA:18,6,3,3
BRDA:23,7,0,10
BRDA:23,7,1,16
BRDA:23,8,0,26
BRDA:23,8,1,10
BRDA:28,9,0,10
BRDA:28,9,1,20
BRDA:28,10,0,30
BRDA:28,10,1,13
BRDA:33,11,0,10
BRDA:33,11,1,20
BRDA:34,12,0,4
BRDA:34,12,1,6
BRDA:36,13,0,2
BRDA:36,13,1,4
BRDA:43,14,0,2
BRDA:43,14,1,28
BRDA:43,15,0,30
BRDA:43,15,1,20
BRDA:47,16,0,2
BRDA:47,16,1,28
BRDA:57,17,0,1
BRDA:57,17,1,6
BRDA:58,18,0,7
BRDA:58,18,1,3
BRDA:65,19,0,4
BRDA:65,19,1,2
BRDA:68,20,0,1
BRDA:68,20,1,5
BRDA:89,21,0,0
BRDA:89,21,1,1
BRDA:92,22,0,0
BRDA:92,22,1,0
BRDA:122,23,0,1
BRDA:122,23,1,0
BRDA:130,24,0,1
BRDA:130,24,1,0
BRDA:154,25,0,4
BRDA:154,25,1,3
BRDA:155,26,0,7
BRDA:155,26,1,6
BRDA:155,26,2,6
BRDA:155,26,3,5
BRDA:155,26,4,4
BRDA:155,26,5,4
BRDA:155,26,6,4
BRDA:169,27,0,1
BRDA:169,27,1,1
BRF:62
BRH:57
end_of_record
